<?xml version="1.0" encoding="UTF-8"?>
<testsuite name="ask_reginald.AppTest" tests="1" skipped="0" failures="0" errors="0" timestamp="2023-04-06T16:51:19" hostname="DESKTOP-RF9TLNJ" time="0.034">
  <properties/>
  <testcase name="appHasAGreeting()" classname="ask_reginald.AppTest" time="0.034"/>
  <system-out><![CDATA[]]></system-out>
  <system-err><![CDATA[]]></system-err>
</testsuite>
